spawn ssh -o StrictHostKeyChecking=no aqil@187.127.154.55
Welcome to Ubuntu 25.10 (GNU/Linux 6.17.0-23-generic x86_64)

 * Documentation:  https://docs.ubuntu.com
 * Management:     https://landscape.canonical.com
 * Support:        https://ubuntu.com/pro

 System information as of Sat May 16 10:49:56 UTC 2026

  System load:  0.0                Processes:             184
  Usage of /:   18.4% of 95.85GB   Users logged in:       0
  Memory usage: 27%                IPv4 address for eth0: 187.127.154.55
  Swap usage:   0%                 IPv6 address for eth0: 2a02:4780:63:8ff8::1

 * Due to a now-resolved bug in the date command, this system may be unable
   to automatically check for updates. Manually install the update using:

     sudo apt install --update rust-coreutils

   https://discourse.ubuntu.com/t/enabling-updates-on-ubuntu-25-10-systems/

40 updates can be applied immediately.
To see these additional updates run: apt list --upgradable

New release '26.04 LTS' available.
Run 'do-release-upgrade' to upgrade to it.


Web console: https://srv1602171.hstgr.cloud:9090/ or https://187.127.154.55:9090/

Last login: Sat May 16 10:49:56 2026 from 49.204.165.16
aqil@srv1602171:~$ sudo journalctl -u lcsw-worker -n 50 --no-pager
[sudo: authenticate] Password: 
sudo: Authentication failed, try again.
[sudo: authenticate] Password: 